Started at Wed Jun 14 04:13:09 UTC 2017
possibly trimming /var/lib/jenkins/fingerprints/35/38/4d28cc71b1843a115191546a283b.xml
possibly trimming /var/lib/jenkins/fingerprints/7e/0f/e8213106add35456521ccb136ec3.xml
possibly trimming /var/lib/jenkins/fingerprints/59/ca/0efa9f5633cb0371bbc0355478d8.xml
possibly trimming /var/lib/jenkins/fingerprints/59/9a/1b352ab70167d87dd7749a3982e9.xml
possibly trimming /var/lib/jenkins/fingerprints/cd/ab/176cd3f0d2844d34b6ce4ea3f65d.xml
possibly trimming /var/lib/jenkins/fingerprints/f9/10/9c13ea019f6ce0ccc1ccef92f81a.xml
possibly trimming /var/lib/jenkins/fingerprints/2e/fb/ae83ac6778c41798efcaf77c1654.xml
possibly trimming /var/lib/jenkins/fingerprints/41/3a/a54f7393d90bcc48c09570f86860.xml
possibly trimming /var/lib/jenkins/fingerprints/26/d6/d3b349673eedee361908ee7ad499.xml
possibly trimming /var/lib/jenkins/fingerprints/44/da/5fd7ca6f228f1ad4017a5556c442.xml
possibly trimming /var/lib/jenkins/fingerprints/c8/97/d1410af8f2c74fba11b1db511e9e.xml
possibly trimming /var/lib/jenkins/fingerprints/68/ac/4710b7ab1ee3729012a5d62ae0f3.xml
possibly trimming /var/lib/jenkins/fingerprints/68/60/b38ed5895f27eb3e4fb07bab0e59.xml
possibly trimming /var/lib/jenkins/fingerprints/68/38/0001b88006ebe49be50cef5bb23a.xml
possibly trimming /var/lib/jenkins/fingerprints/ba/2f/f0ea8b6cc83ca046f0974ee8e0ff.xml
possibly trimming /var/lib/jenkins/fingerprints/69/fb/f40071b7639ac494d736546ca65c.xml
possibly trimming /var/lib/jenkins/fingerprints/b6/22/09ea06ff6a7e0e229deff423320d.xml
possibly trimming /var/lib/jenkins/fingerprints/b6/6d/0c48e1f1dc54d4227db52512c15b.xml
possibly trimming /var/lib/jenkins/fingerprints/31/6b/8a0ce92c77f3c2cf67782430b0c7.xml
possibly trimming /var/lib/jenkins/fingerprints/00/c1/ccfee384e5a6c26490514359e8db.xml
possibly trimming /var/lib/jenkins/fingerprints/49/7e/f070c968c858fdc549dfb82d2f03.xml
possibly trimming /var/lib/jenkins/fingerprints/bc/19/646dec7b40876efb437a4451c276.xml
possibly trimming /var/lib/jenkins/fingerprints/4e/e3/678946120543d25c8a671e105e2e.xml
possibly trimming /var/lib/jenkins/fingerprints/0b/6b/2e461ebfbbb9d29a655fffc0d705.xml
possibly trimming /var/lib/jenkins/fingerprints/0b/f9/6b3d95ceed18500d520f4050d63c.xml
possibly trimming /var/lib/jenkins/fingerprints/8f/74/6304f2d9735d2f87733023ac1bc4.xml
possibly trimming /var/lib/jenkins/fingerprints/b7/7a/be289946dc7ca5b14137c08f392b.xml
possibly trimming /var/lib/jenkins/fingerprints/b4/b8/995611bb92ec7cd7bb9b7300e939.xml
possibly trimming /var/lib/jenkins/fingerprints/95/d7/45803e3ed1c333a9bae86792f49d.xml
possibly trimming /var/lib/jenkins/fingerprints/a4/36/6a00e64504b391fee6b5ec3328c6.xml
possibly trimming /var/lib/jenkins/fingerprints/a0/82/c1def2e6c812f37456b372a4b17a.xml
possibly trimming /var/lib/jenkins/fingerprints/7c/e8/2e172a4d3e61a4db3c5c9e3a6a09.xml
possibly trimming /var/lib/jenkins/fingerprints/91/00/c896931698cb38027673ff12e216.xml
possibly trimming /var/lib/jenkins/fingerprints/f1/a0/13ed901cb0390988265e91426488.xml
possibly trimming /var/lib/jenkins/fingerprints/ce/2b/face4dee67c85e6bfa4fcfed3f66.xml
possibly trimming /var/lib/jenkins/fingerprints/5c/e8/532d2996afe45f130493bc1c483c.xml
possibly trimming /var/lib/jenkins/fingerprints/92/de/9b014763811bdf2b1c3fe65ca95d.xml
possibly trimming /var/lib/jenkins/fingerprints/d7/3d/1f2c2333264f1fbd82bce3c6cdc0.xml
possibly trimming /var/lib/jenkins/fingerprints/6a/d6/48f0b321541a52e6bfc5894e1381.xml
possibly trimming /var/lib/jenkins/fingerprints/f2/e0/5ab95340f61d69cbbccea996a7b6.xml
possibly trimming /var/lib/jenkins/fingerprints/2c/d1/396340dff36c8d46aa2434a19425.xml
possibly trimming /var/lib/jenkins/fingerprints/9f/53/e2a4aa8c0d7158f084524123bae9.xml
Cleaned up 0 records
Finished at Wed Jun 14 04:13:09 UTC 2017. 156ms
Started at Thu Jun 15 04:13:09 UTC 2017
possibly trimming /var/lib/jenkins/fingerprints/35/38/4d28cc71b1843a115191546a283b.xml
possibly trimming /var/lib/jenkins/fingerprints/7e/0f/e8213106add35456521ccb136ec3.xml
possibly trimming /var/lib/jenkins/fingerprints/59/ca/0efa9f5633cb0371bbc0355478d8.xml
possibly trimming /var/lib/jenkins/fingerprints/59/9a/1b352ab70167d87dd7749a3982e9.xml
possibly trimming /var/lib/jenkins/fingerprints/cd/ab/176cd3f0d2844d34b6ce4ea3f65d.xml
possibly trimming /var/lib/jenkins/fingerprints/f9/10/9c13ea019f6ce0ccc1ccef92f81a.xml
possibly trimming /var/lib/jenkins/fingerprints/2e/fb/ae83ac6778c41798efcaf77c1654.xml
possibly trimming /var/lib/jenkins/fingerprints/41/3a/a54f7393d90bcc48c09570f86860.xml
possibly trimming /var/lib/jenkins/fingerprints/26/d6/d3b349673eedee361908ee7ad499.xml
possibly trimming /var/lib/jenkins/fingerprints/44/da/5fd7ca6f228f1ad4017a5556c442.xml
possibly trimming /var/lib/jenkins/fingerprints/c8/97/d1410af8f2c74fba11b1db511e9e.xml
possibly trimming /var/lib/jenkins/fingerprints/68/ac/4710b7ab1ee3729012a5d62ae0f3.xml
possibly trimming /var/lib/jenkins/fingerprints/68/60/b38ed5895f27eb3e4fb07bab0e59.xml
possibly trimming /var/lib/jenkins/fingerprints/68/38/0001b88006ebe49be50cef5bb23a.xml
possibly trimming /var/lib/jenkins/fingerprints/ba/2f/f0ea8b6cc83ca046f0974ee8e0ff.xml
possibly trimming /var/lib/jenkins/fingerprints/69/fb/f40071b7639ac494d736546ca65c.xml
possibly trimming /var/lib/jenkins/fingerprints/b6/22/09ea06ff6a7e0e229deff423320d.xml
possibly trimming /var/lib/jenkins/fingerprints/b6/6d/0c48e1f1dc54d4227db52512c15b.xml
possibly trimming /var/lib/jenkins/fingerprints/31/6b/8a0ce92c77f3c2cf67782430b0c7.xml
possibly trimming /var/lib/jenkins/fingerprints/00/c1/ccfee384e5a6c26490514359e8db.xml
possibly trimming /var/lib/jenkins/fingerprints/49/7e/f070c968c858fdc549dfb82d2f03.xml
possibly trimming /var/lib/jenkins/fingerprints/bc/19/646dec7b40876efb437a4451c276.xml
possibly trimming /var/lib/jenkins/fingerprints/4e/e3/678946120543d25c8a671e105e2e.xml
possibly trimming /var/lib/jenkins/fingerprints/0b/6b/2e461ebfbbb9d29a655fffc0d705.xml
possibly trimming /var/lib/jenkins/fingerprints/0b/f9/6b3d95ceed18500d520f4050d63c.xml
possibly trimming /var/lib/jenkins/fingerprints/8f/74/6304f2d9735d2f87733023ac1bc4.xml
possibly trimming /var/lib/jenkins/fingerprints/b7/7a/be289946dc7ca5b14137c08f392b.xml
possibly trimming /var/lib/jenkins/fingerprints/b4/b8/995611bb92ec7cd7bb9b7300e939.xml
possibly trimming /var/lib/jenkins/fingerprints/95/d7/45803e3ed1c333a9bae86792f49d.xml
possibly trimming /var/lib/jenkins/fingerprints/a4/36/6a00e64504b391fee6b5ec3328c6.xml
possibly trimming /var/lib/jenkins/fingerprints/a0/82/c1def2e6c812f37456b372a4b17a.xml
possibly trimming /var/lib/jenkins/fingerprints/7c/e8/2e172a4d3e61a4db3c5c9e3a6a09.xml
possibly trimming /var/lib/jenkins/fingerprints/91/00/c896931698cb38027673ff12e216.xml
possibly trimming /var/lib/jenkins/fingerprints/f1/a0/13ed901cb0390988265e91426488.xml
possibly trimming /var/lib/jenkins/fingerprints/ce/2b/face4dee67c85e6bfa4fcfed3f66.xml
possibly trimming /var/lib/jenkins/fingerprints/5c/e8/532d2996afe45f130493bc1c483c.xml
possibly trimming /var/lib/jenkins/fingerprints/92/de/9b014763811bdf2b1c3fe65ca95d.xml
possibly trimming /var/lib/jenkins/fingerprints/d7/3d/1f2c2333264f1fbd82bce3c6cdc0.xml
possibly trimming /var/lib/jenkins/fingerprints/6a/d6/48f0b321541a52e6bfc5894e1381.xml
possibly trimming /var/lib/jenkins/fingerprints/f2/e0/5ab95340f61d69cbbccea996a7b6.xml
possibly trimming /var/lib/jenkins/fingerprints/2c/d1/396340dff36c8d46aa2434a19425.xml
possibly trimming /var/lib/jenkins/fingerprints/9f/53/e2a4aa8c0d7158f084524123bae9.xml
Cleaned up 0 records
Finished at Thu Jun 15 04:13:09 UTC 2017. 235ms
